<?xml version="1.0" encoding="UTF-8"?>
<coverage generated="1679997672143" clover="3.2.0">
  <project timestamp="1679997672143" name="All files">
    <metrics statements="11" coveredstatements="11" conditionals="8" coveredconditionals="7" methods="3" coveredmethods="3" elements="22" coveredelements="21" complexity="0" loc="11" ncloc="11" packages="1" files="1" classes="1"/>
    <file name="gameboard.js" path="/Users/kamilzowczak/JS/Odin-Project/repos/odin-battleship/src/js/gameboard.js">
      <metrics statements="11" coveredstatements="11" conditionals="8" coveredconditionals="7" methods="3" coveredmethods="3"/>
      <line num="10" count="10" type="stmt"/>
      <line num="14" count="6" type="cond" truecount="2" falsecount="0"/>
      <line num="16" count="5" type="cond" truecount="2" falsecount="0"/>
      <line num="17" count="4" type="stmt"/>
      <line num="18" count="7" type="cond" truecount="2" falsecount="0"/>
      <line num="20" count="1" type="stmt"/>
      <line num="21" count="4" type="stmt"/>
      <line num="24" count="1" type="stmt"/>
      <line num="25" count="2" type="cond" truecount="1" falsecount="1"/>
      <line num="27" count="1" type="stmt"/>
      <line num="28" count="2" type="stmt"/>
    </file>
  </project>
</coverage>
