{"/Users/kamilzowczak/JS/Odin-Project/repos/odin-battleship/src/js/gameboard.js": {"path":"/Users/kamilzowczak/JS/Odin-Project/repos/odin-battleship/src/js/gameboard.js","statementMap":{"0":{"start":{"line":10,"column":8},"end":{"line":10,"column":76}},"1":{"start":{"line":10,"column":56},"end":{"line":10,"column":75}},"2":{"start":{"line":14,"column":8},"end":{"line":14,"column":63}},"3":{"start":{"line":14,"column":57},"end":{"line":14,"column":63}},"4":{"start":{"line":16,"column":8},"end":{"line":30,"column":9}},"5":{"start":{"line":17,"column":12},"end":{"line":19,"column":13}},"6":{"start":{"line":17,"column":25},"end":{"line":17,"column":26}},"7":{"start":{"line":18,"column":16},"end":{"line":18,"column":54}},"8":{"start":{"line":18,"column":48},"end":{"line":18,"column":54}},"9":{"start":{"line":20,"column":12},"end":{"line":22,"column":13}},"10":{"start":{"line":20,"column":25},"end":{"line":20,"column":26}},"11":{"start":{"line":21,"column":16},"end":{"line":21,"column":42}},"12":{"start":{"line":24,"column":12},"end":{"line":26,"column":13}},"13":{"start":{"line":24,"column":25},"end":{"line":24,"column":26}},"14":{"start":{"line":25,"column":16},"end":{"line":25,"column":54}},"15":{"start":{"line":25,"column":48},"end":{"line":25,"column":54}},"16":{"start":{"line":27,"column":12},"end":{"line":29,"column":13}},"17":{"start":{"line":27,"column":25},"end":{"line":27,"column":26}},"18":{"start":{"line":28,"column":16},"end":{"line":28,"column":42}}},"fnMap":{"0":{"name":"(anonymous_0)","decl":{"start":{"line":9,"column":4},"end":{"line":9,"column":5}},"loc":{"start":{"line":9,"column":22},"end":{"line":11,"column":5}},"line":9},"1":{"name":"(anonymous_1)","decl":{"start":{"line":10,"column":50},"end":{"line":10,"column":51}},"loc":{"start":{"line":10,"column":56},"end":{"line":10,"column":75}},"line":10},"2":{"name":"(anonymous_2)","decl":{"start":{"line":13,"column":4},"end":{"line":13,"column":5}},"loc":{"start":{"line":13,"column":43},"end":{"line":31,"column":5}},"line":13}},"branchMap":{"0":{"loc":{"start":{"line":14,"column":8},"end":{"line":14,"column":63}},"type":"if","locations":[{"start":{"line":14,"column":8},"end":{"line":14,"column":63}},{"start":{},"end":{}}],"line":14},"1":{"loc":{"start":{"line":16,"column":8},"end":{"line":30,"column":9}},"type":"if","locations":[{"start":{"line":16,"column":8},"end":{"line":30,"column":9}},{"start":{"line":23,"column":15},"end":{"line":30,"column":9}}],"line":16},"2":{"loc":{"start":{"line":18,"column":16},"end":{"line":18,"column":54}},"type":"if","locations":[{"start":{"line":18,"column":16},"end":{"line":18,"column":54}},{"start":{},"end":{}}],"line":18},"3":{"loc":{"start":{"line":25,"column":16},"end":{"line":25,"column":54}},"type":"if","locations":[{"start":{"line":25,"column":16},"end":{"line":25,"column":54}},{"start":{},"end":{}}],"line":25}},"s":{"0":1,"1":10,"2":6,"3":1,"4":5,"5":4,"6":4,"7":7,"8":3,"9":1,"10":1,"11":4,"12":1,"13":1,"14":2,"15":0,"16":1,"17":1,"18":2},"f":{"0":1,"1":10,"2":6},"b":{"0":[1,5],"1":[4,1],"2":[3,4],"3":[0,2]},"_coverageSchema":"1a1c01bbd47fc00a2c39e90264f33305004495a9","hash":"221cf1d092e37fe1afeb1cd696d5b2e6bd680315"}
}
